<?xml version="1.0" encoding="UTF-8"?>
<testng-results skipped="0" failed="0" ignored="0" total="2" passed="2">
  <reporter-output>
  </reporter-output>
  <suite name="Default suite" duration-ms="147945" started-at="2019-08-30T17:31:38Z" finished-at="2019-08-30T17:34:06Z">
    <groups>
    </groups>
    <test name="Default test" duration-ms="147945" started-at="2019-08-30T17:31:38Z" finished-at="2019-08-30T17:34:06Z">
      <class name="TestCases.PeopleTC">
        <test-method status="PASS" signature="setupDriver()[pri:0, instance:TestCases.PeopleTC@ae45eb6]" name="setupDriver" is-config="true" duration-ms="9354" started-at="2019-08-30T17:31:38Z" finished-at="2019-08-30T17:31:47Z">
          <reporter-output>
          </reporter-output>
        </test-method> <!-- setupDriver -->
        <test-method status="PASS" signature="testApache()[pri:0, instance:TestCases.PeopleTC@ae45eb6]" name="testApache" duration-ms="121784" started-at="2019-08-30T17:31:47Z" finished-at="2019-08-30T17:33:49Z">
          <reporter-output>
          </reporter-output>
        </test-method> <!-- testApache -->
        <test-method status="PASS" signature="writingInExcel()[pri:0, instance:TestCases.PeopleTC@ae45eb6]" name="writingInExcel" duration-ms="14727" started-at="2019-08-30T17:33:49Z" finished-at="2019-08-30T17:34:04Z">
          <reporter-output>
          </reporter-output>
        </test-method> <!-- writingInExcel -->
        <test-method status="PASS" signature="closeDriver()[pri:0, instance:TestCases.PeopleTC@ae45eb6]" name="closeDriver" is-config="true" duration-ms="2045" started-at="2019-08-30T17:34:04Z" finished-at="2019-08-30T17:34:06Z">
          <reporter-output>
          </reporter-output>
        </test-method> <!-- closeDriver -->
      </class> <!-- TestCases.PeopleTC -->
    </test> <!-- Default test -->
  </suite> <!-- Default suite -->
</testng-results>
